{
  "stats": {
    "suites": 1,
    "tests": 3,
    "passes": 3,
    "pending": 0,
    "failures": 0,
    "testsRegistered": 3,
    "passPercent": 100,
    "pendingPercent": 0,
    "other": 0,
    "hasOther": false,
    "skipped": 0,
    "hasSkipped": false,
    "start": "2023-06-20T08:12:41.791Z",
    "end": "2023-06-20T08:12:56.170Z",
    "duration": 14379
  },
  "results": [
    {
      "uuid": "5e5ab53f-3357-47f8-8f41-ab579a513916",
      "title": "",
      "fullFile": "cypress\\integration\\ui\\newTransaction.spec.ts",
      "file": "cypress\\integration\\ui\\newTransaction.spec.ts",
      "beforeHooks": [],
      "afterHooks": [],
      "tests": [],
      "suites": [
        {
          "uuid": "1e9907f5-c425-4d96-af90-25574e5116e1",
          "title": "new transaction",
          "fullFile": "",
          "file": "",
          "beforeHooks": [],
          "afterHooks": [],
          "tests": [
            {
              "title": "create transaction-Pay",
              "fullTitle": "new transaction create transaction-Pay",
              "timedOut": null,
              "duration": 7321,
              "state": "passed",
              "speed": "medium",
              "pass": true,
              "fail": false,
              "pending": false,
              "context": null,
              "code": "let transaction = new TransactionPage();\ntransaction.typeAmountInput(\"123\");\ntransaction.typeDescriptionInput(\"breakfast\");\ntransaction.clickSubmitPay();\ntransaction.submitExpect(\"Paid\");\ncy.Snapshot(\"Paid success\");",
              "err": {},
              "uuid": "b855c641-9a5b-4f37-8980-6b07cad6dd4e",
              "parentUUID": "1e9907f5-c425-4d96-af90-25574e5116e1",
              "isHook": false,
              "skipped": false
            },
            {
              "title": "create transaction-Requested",
              "fullTitle": "new transaction create transaction-Requested",
              "timedOut": null,
              "duration": 3634,
              "state": "passed",
              "speed": "fast",
              "pass": true,
              "fail": false,
              "pending": false,
              "context": null,
              "code": "let transaction = new TransactionPage();\ntransaction.typeAmountInput(\"123\");\ntransaction.typeDescriptionInput(\"breakfast\");\ntransaction.clickSubmitRequest();\ntransaction.submitExpect(\"Requested\");\ncy.Snapshot(\"Requested success\");",
              "err": {},
              "uuid": "ef9913f2-898b-44dd-885d-b92663a5438a",
              "parentUUID": "1e9907f5-c425-4d96-af90-25574e5116e1",
              "isHook": false,
              "skipped": false
            },
            {
              "title": "create transaction display error",
              "fullTitle": "new transaction create transaction display error",
              "timedOut": null,
              "duration": 2823,
              "state": "passed",
              "speed": "fast",
              "pass": true,
              "fail": false,
              "pending": false,
              "context": null,
              "code": "let transaction = new TransactionPage();\ntransaction.element.amountInput().type(\"123\").find(\"input\").clear().blur();\ntransaction.element.amountHelperText().should(\"be.visible\");\ntransaction.element.descriptionInput().type(\"abc\").find(\"input\").clear().blur();\ntransaction.element.descriptionHelperText().should(\"be.visible\");\ntransaction.element.submitPay().should(\"be.disabled\");\ntransaction.element.submitRequest().should(\"be.disabled\");\ncy.Snapshot();",
              "err": {},
              "uuid": "20d6b679-fbda-424b-a807-29418949277d",
              "parentUUID": "1e9907f5-c425-4d96-af90-25574e5116e1",
              "isHook": false,
              "skipped": false
            }
          ],
          "suites": [],
          "passes": [
            "b855c641-9a5b-4f37-8980-6b07cad6dd4e",
            "ef9913f2-898b-44dd-885d-b92663a5438a",
            "20d6b679-fbda-424b-a807-29418949277d"
          ],
          "failures": [],
          "pending": [],
          "skipped": [],
          "duration": 13778,
          "root": false,
          "rootEmpty": false,
          "_timeout": 2000
        }
      ],
      "passes": [],
      "failures": [],
      "pending": [],
      "skipped": [],
      "duration": 0,
      "root": true,
      "rootEmpty": true,
      "_timeout": 2000
    }
  ],
  "meta": {
    "mocha": {
      "version": "7.0.1"
    },
    "mochawesome": {
      "options": {
        "quiet": false,
        "reportFilename": "mochawesome",
        "saveHtml": false,
        "saveJson": true,
        "consoleReporter": "spec",
        "useInlineDiffs": false,
        "code": true
      },
      "version": "7.1.3"
    },
    "marge": {
      "options": {
        "configFile": "reporter-config.json",
        "reportDir": "cypress/reports/mochawesome-report",
        "html": false,
        "json": true,
        "overwrite": false,
        "charts": true,
        "embeddedScreenshots": true,
        "inlineAssets": true
      },
      "version": "6.2.0"
    }
  }
}